mode: set
github.com/ismail118/bookings-app/internal/forms/error.go:6.44,8.2 1 1
github.com/ismail118/bookings-app/internal/forms/error.go:11.42,13.20 2 1
github.com/ismail118/bookings-app/internal/forms/error.go:17.2,17.16 1 1
github.com/ismail118/bookings-app/internal/forms/error.go:13.20,15.3 1 1
github.com/ismail118/bookings-app/internal/forms/forms.go:16.29,17.24 1 1
github.com/ismail118/bookings-app/internal/forms/forms.go:21.2,21.14 1 1
github.com/ismail118/bookings-app/internal/forms/forms.go:17.24,19.3 1 1
github.com/ismail118/bookings-app/internal/forms/forms.go:25.33,30.2 1 1
github.com/ismail118/bookings-app/internal/forms/forms.go:33.43,34.31 1 1
github.com/ismail118/bookings-app/internal/forms/forms.go:34.31,36.37 2 1
github.com/ismail118/bookings-app/internal/forms/forms.go:36.37,38.4 1 1
github.com/ismail118/bookings-app/internal/forms/forms.go:43.39,45.13 2 1
github.com/ismail118/bookings-app/internal/forms/forms.go:50.2,50.13 1 1
github.com/ismail118/bookings-app/internal/forms/forms.go:45.13,48.3 2 1
github.com/ismail118/bookings-app/internal/forms/forms.go:54.60,56.24 2 1
github.com/ismail118/bookings-app/internal/forms/forms.go:61.2,61.13 1 1
github.com/ismail118/bookings-app/internal/forms/forms.go:56.24,59.3 2 1
github.com/ismail118/bookings-app/internal/forms/forms.go:64.43,65.45 1 1
github.com/ismail118/bookings-app/internal/forms/forms.go:70.2,70.13 1 1
github.com/ismail118/bookings-app/internal/forms/forms.go:65.45,68.3 2 1
github.com/ismail118/bookings-app/internal/render/render.go:20.39,22.2 1 1
github.com/ismail118/bookings-app/internal/render/render.go:24.84,30.2 5 1
github.com/ismail118/bookings-app/internal/render/render.go:33.99,36.18 2 1
github.com/ismail118/bookings-app/internal/render/render.go:43.2,44.9 2 1
github.com/ismail118/bookings-app/internal/render/render.go:48.2,55.16 5 1
github.com/ismail118/bookings-app/internal/render/render.go:59.2,59.12 1 1
github.com/ismail118/bookings-app/internal/render/render.go:36.18,39.3 1 0
github.com/ismail118/bookings-app/internal/render/render.go:39.8,41.3 1 1
github.com/ismail118/bookings-app/internal/render/render.go:44.9,46.3 1 1
github.com/ismail118/bookings-app/internal/render/render.go:55.16,57.3 1 0
github.com/ismail118/bookings-app/internal/render/render.go:64.67,69.16 3 1
github.com/ismail118/bookings-app/internal/render/render.go:73.2,73.29 1 1
github.com/ismail118/bookings-app/internal/render/render.go:95.2,95.21 1 1
github.com/ismail118/bookings-app/internal/render/render.go:69.16,71.3 1 0
github.com/ismail118/bookings-app/internal/render/render.go:73.29,76.17 3 1
github.com/ismail118/bookings-app/internal/render/render.go:80.3,81.17 2 1
github.com/ismail118/bookings-app/internal/render/render.go:85.3,85.23 1 1
github.com/ismail118/bookings-app/internal/render/render.go:92.3,92.21 1 1
github.com/ismail118/bookings-app/internal/render/render.go:76.17,78.4 1 0
github.com/ismail118/bookings-app/internal/render/render.go:81.17,83.4 1 0
github.com/ismail118/bookings-app/internal/render/render.go:85.23,87.18 2 1
github.com/ismail118/bookings-app/internal/render/render.go:87.18,89.5 1 0
github.com/ismail118/bookings-app/cmd/web/middleware.go:9.45,19.2 3 1
github.com/ismail118/bookings-app/cmd/web/middleware.go:22.50,24.2 1 1
github.com/ismail118/bookings-app/cmd/web/routes.go:11.49,38.2 20 1
github.com/ismail118/bookings-app/cmd/web/main.go:27.13,29.16 2 0
github.com/ismail118/bookings-app/cmd/web/main.go:32.2,42.16 5 0
github.com/ismail118/bookings-app/cmd/web/main.go:29.16,31.3 1 0
github.com/ismail118/bookings-app/cmd/web/main.go:42.16,44.3 1 0
github.com/ismail118/bookings-app/cmd/web/main.go:47.32,75.16 18 1
github.com/ismail118/bookings-app/cmd/web/main.go:79.2,80.16 2 1
github.com/ismail118/bookings-app/cmd/web/main.go:84.2,92.16 7 1
github.com/ismail118/bookings-app/cmd/web/main.go:75.16,77.3 1 0
github.com/ismail118/bookings-app/cmd/web/main.go:80.16,82.3 1 0
github.com/ismail118/bookings-app/internal/handlers/handlers.go:28.62,33.2 1 0
github.com/ismail118/bookings-app/internal/handlers/handlers.go:35.51,40.2 1 1
github.com/ismail118/bookings-app/internal/handlers/handlers.go:43.33,45.2 1 1
github.com/ismail118/bookings-app/internal/handlers/handlers.go:48.67,50.2 1 1
github.com/ismail118/bookings-app/internal/handlers/handlers.go:53.68,56.2 1 1
github.com/ismail118/bookings-app/internal/handlers/handlers.go:59.70,61.2 1 1
github.com/ismail118/bookings-app/internal/handlers/handlers.go:64.70,66.2 1 1
github.com/ismail118/bookings-app/internal/handlers/handlers.go:69.75,71.2 1 1
github.com/ismail118/bookings-app/internal/handlers/handlers.go:74.79,76.16 2 1
github.com/ismail118/bookings-app/internal/handlers/handlers.go:82.2,88.16 5 1
github.com/ismail118/bookings-app/internal/handlers/handlers.go:93.2,94.16 2 1
github.com/ismail118/bookings-app/internal/handlers/handlers.go:100.2,101.16 2 1
github.com/ismail118/bookings-app/internal/handlers/handlers.go:107.2,107.21 1 1
github.com/ismail118/bookings-app/internal/handlers/handlers.go:113.2,125.4 5 1
github.com/ismail118/bookings-app/internal/handlers/handlers.go:76.16,80.3 3 1
github.com/ismail118/bookings-app/internal/handlers/handlers.go:88.16,92.3 3 1
github.com/ismail118/bookings-app/internal/handlers/handlers.go:94.16,98.3 3 1
github.com/ismail118/bookings-app/internal/handlers/handlers.go:101.16,105.3 3 1
github.com/ismail118/bookings-app/internal/handlers/handlers.go:107.21,111.3 3 1
github.com/ismail118/bookings-app/internal/handlers/handlers.go:137.83,139.16 2 1
github.com/ismail118/bookings-app/internal/handlers/handlers.go:151.2,162.16 9 1
github.com/ismail118/bookings-app/internal/handlers/handlers.go:174.2,184.32 4 1
github.com/ismail118/bookings-app/internal/handlers/handlers.go:139.16,149.3 5 1
github.com/ismail118/bookings-app/internal/handlers/handlers.go:162.16,172.3 5 1
github.com/ismail118/bookings-app/internal/handlers/handlers.go:188.70,190.2 1 1
github.com/ismail118/bookings-app/internal/handlers/handlers.go:193.74,195.9 2 1
github.com/ismail118/bookings-app/internal/handlers/handlers.go:201.2,202.16 2 1
github.com/ismail118/bookings-app/internal/handlers/handlers.go:208.2,225.4 11 1
github.com/ismail118/bookings-app/internal/handlers/handlers.go:195.9,199.3 3 1
github.com/ismail118/bookings-app/internal/handlers/handlers.go:202.16,206.3 3 1
github.com/ismail118/bookings-app/internal/handlers/handlers.go:229.78,231.16 2 1
github.com/ismail118/bookings-app/internal/handlers/handlers.go:237.2,243.16 5 1
github.com/ismail118/bookings-app/internal/handlers/handlers.go:249.2,250.16 2 1
github.com/ismail118/bookings-app/internal/handlers/handlers.go:256.2,257.16 2 1
github.com/ismail118/bookings-app/internal/handlers/handlers.go:263.2,264.16 2 1
github.com/ismail118/bookings-app/internal/handlers/handlers.go:270.2,287.19 6 1
github.com/ismail118/bookings-app/internal/handlers/handlers.go:306.2,307.16 2 1
github.com/ismail118/bookings-app/internal/handlers/handlers.go:313.2,322.16 3 1
github.com/ismail118/bookings-app/internal/handlers/handlers.go:328.2,330.66 2 1
github.com/ismail118/bookings-app/internal/handlers/handlers.go:231.16,235.3 3 1
github.com/ismail118/bookings-app/internal/handlers/handlers.go:243.16,247.3 3 1
github.com/ismail118/bookings-app/internal/handlers/handlers.go:250.16,254.3 3 1
github.com/ismail118/bookings-app/internal/handlers/handlers.go:257.16,261.3 3 1
github.com/ismail118/bookings-app/internal/handlers/handlers.go:264.16,268.3 3 1
github.com/ismail118/bookings-app/internal/handlers/handlers.go:287.19,304.3 8 1
github.com/ismail118/bookings-app/internal/handlers/handlers.go:307.16,311.3 3 1
github.com/ismail118/bookings-app/internal/handlers/handlers.go:322.16,326.3 3 1
github.com/ismail118/bookings-app/internal/handlers/handlers.go:334.81,336.9 2 1
github.com/ismail118/bookings-app/internal/handlers/handlers.go:341.2,356.4 10 1
github.com/ismail118/bookings-app/internal/handlers/handlers.go:336.9,340.3 3 1
github.com/ismail118/bookings-app/internal/handlers/handlers.go:359.73,361.16 2 1
github.com/ismail118/bookings-app/internal/handlers/handlers.go:367.2,368.9 2 1
github.com/ismail118/bookings-app/internal/handlers/handlers.go:374.2,377.63 3 1
github.com/ismail118/bookings-app/internal/handlers/handlers.go:361.16,365.3 3 1
github.com/ismail118/bookings-app/internal/handlers/handlers.go:368.9,372.3 3 1
github.com/ismail118/bookings-app/internal/handlers/handlers.go:380.71,382.16 2 1
github.com/ismail118/bookings-app/internal/handlers/handlers.go:388.2,393.16 5 1
github.com/ismail118/bookings-app/internal/handlers/handlers.go:398.2,399.16 2 1
github.com/ismail118/bookings-app/internal/handlers/handlers.go:405.2,406.16 2 1
github.com/ismail118/bookings-app/internal/handlers/handlers.go:414.2,422.72 7 1
github.com/ismail118/bookings-app/internal/handlers/handlers.go:382.16,386.3 3 1
github.com/ismail118/bookings-app/internal/handlers/handlers.go:393.16,397.3 3 1
github.com/ismail118/bookings-app/internal/handlers/handlers.go:399.16,403.3 3 1
github.com/ismail118/bookings-app/internal/handlers/handlers.go:406.16,407.17 1 1
github.com/ismail118/bookings-app/internal/handlers/handlers.go:407.17,411.4 3 1
